<?xml version="1.0" encoding="UTF-8"?>
<!-- Generated by org.testng.reporters.JUnitReportReporter -->
<testsuite hostname="SAI" name="com.cucumber.DemoCucumber.RunnerTest" tests="1" failures="0" timestamp="2 Sep 2018 05:50:21 GMT" time="34.076" errors="0">
  <testcase name="feature" time="34.076" classname="com.cucumber.DemoCucumber.RunnerTest"/>
</testsuite> <!-- com.cucumber.DemoCucumber.RunnerTest -->
